Android/app/build/intermediates/manifest_merge_blame_file/debug/manifest-merger-blame-debug-report.txt
1<?xml version="1.0" encoding="utf-8"?>
2<manifest xmlns:android="http://schemas.android.com/apk/res/android"
3    package="com.example.gctcompanion"
4    android:versionCode="1"
5    android:versionName="1.0" >
6
7    <uses-sdk
8        android:minSdkVersion="21"
8-->src\main\AndroidManifest.xml
9        android:targetSdkVersion="30" />
9-->src\main\AndroidManifest.xml
10
11    <uses-permission android:name="android.permission.INTERNET" />
11-->src\main\AndroidManifest.xml:5:5-67
11-->src\main\AndroidManifest.xml:5:22-64
12
13    <application
13-->src\main\AndroidManifest.xml:7:5-52:19
14        android:allowBackup="true"
14-->src\main\AndroidManifest.xml:8:9-35
15        android:appComponentFactory="androidx.core.app.CoreComponentFactory"
15-->[androidx.core:core:1.1.0] AndroidManifest.xml:24:18-86
16        android:debuggable="true"
17        android:icon="@mipmap/ic_launcher"
17-->src\main\AndroidManifest.xml:9:9-43
18        android:label="@string/app_name"
18-->src\main\AndroidManifest.xml:10:9-41
19        android:roundIcon="@mipmap/ic_launcher_round"
19-->src\main\AndroidManifest.xml:11:9-54
20        android:supportsRtl="true"
20-->src\main\AndroidManifest.xml:12:9-35
21        android:testOnly="true"
22        android:theme="@style/AppTheme"
22-->src\main\AndroidManifest.xml:13:9-40
23        android:usesCleartextTraffic="true" >
23-->src\main\AndroidManifest.xml:14:9-44
24        <activity android:name="com.example.gctcompanion.ActualizarCasoActivity" >
24-->src\main\AndroidManifest.xml:15:9-17:20
24-->src\main\AndroidManifest.xml:15:19-57
25        </activity>
26        <activity android:name="com.example.gctcompanion.CrearBajaActivity" >
26-->src\main\AndroidManifest.xml:18:9-20:20
26-->src\main\AndroidManifest.xml:18:19-52
27        </activity>
28        <activity android:name="com.example.gctcompanion.CrearRepresentateActivity" >
28-->src\main\AndroidManifest.xml:21:9-23:20
28-->src\main\AndroidManifest.xml:21:19-60
29        </activity>
30        <activity android:name="com.example.gctcompanion.CrearVendedorActivity" >
30-->src\main\AndroidManifest.xml:24:9-26:20
30-->src\main\AndroidManifest.xml:24:19-56
31        </activity>
32        <activity android:name="com.example.gctcompanion.CrearClienteActivity" >
32-->src\main\AndroidManifest.xml:27:9-29:20
32-->src\main\AndroidManifest.xml:27:19-55
33        </activity>
34        <activity android:name="com.example.gctcompanion.CrearCasoActivity" >
34-->src\main\AndroidManifest.xml:30:9-32:20
34-->src\main\AndroidManifest.xml:30:19-52
35        </activity>
36        <activity android:name="com.example.gctcompanion.DetalleCasosActivity" >
36-->src\main\AndroidManifest.xml:33:9-35:20
36-->src\main\AndroidManifest.xml:33:19-55
37        </activity>
38        <activity android:name="com.example.gctcompanion.CasosActivity" >
38-->src\main\AndroidManifest.xml:36:9-38:20
38-->src\main\AndroidManifest.xml:36:19-48
39        </activity>
40        <activity android:name="com.example.gctcompanion.PrincipalActivity" >
40-->src\main\AndroidManifest.xml:39:9-41:20
40-->src\main\AndroidManifest.xml:39:19-52
41        </activity>
42        <activity android:name="com.example.gctcompanion.LoginActivity" >
42-->src\main\AndroidManifest.xml:42:9-48:20
42-->src\main\AndroidManifest.xml:42:19-48
43            <intent-filter>
43-->src\main\AndroidManifest.xml:43:13-47:29
44                <action android:name="android.intent.action.MAIN" />
44-->src\main\AndroidManifest.xml:44:17-69
44-->src\main\AndroidManifest.xml:44:25-66
45
46                <category android:name="android.intent.category.LAUNCHER" />
46-->src\main\AndroidManifest.xml:46:17-77
46-->src\main\AndroidManifest.xml:46:27-74
47            </intent-filter>
48        </activity>
49        <activity android:name="com.example.gctcompanion.RecuperarPasswordActivity" >
49-->src\main\AndroidManifest.xml:49:9-51:20
49-->src\main\AndroidManifest.xml:49:19-60
50        </activity>
51    </application>
52
53</manifest>